<?xml version="1.0" encoding="UTF-8"?>
<!-- Generated by org.testng.reporters.JUnitReportReporter -->
<testsuite skipped="0" hostname="DESKTOP-C7SRO4S" name="com.naveen.Data.DataProviderTestcase" tests="3" failures="0" timestamp="24 May 2020 07:48:19 GMT" time="34.158" errors="0">
  <testcase name="method2" time="10.551" classname="com.naveen.Data.DataProviderTestcase"/>
  <testcase name="method2" time="13.201" classname="com.naveen.Data.DataProviderTestcase"/>
  <testcase name="method2" time="10.406" classname="com.naveen.Data.DataProviderTestcase"/>
</testsuite> <!-- com.naveen.Data.DataProviderTestcase -->
